Build started 2/28/2013 8:33:55 PM.
     1>Project "L:\CompSci\CSCE315\app\app\app.vcxproj" on node 2 (build target(s)).
     1>InitializeBuildStatus:
         Creating "Debug\app.unsuccessfulbuild" because "AlwaysCreate" was specified.
       ClCompile:
         c:\Program Files (x86)\Microsoft Visual Studio 10.0\VC\bin\CL.exe /c /ZI /nologo /W3 /WX- /Od /Oy- /D WIN32 /D _DEBUG /D _CONSOLE /D _UNICODE /D UNICODE /Gm /EHsc /RTC1 /MDd /GS /fp:precise /Zc:wchar_t /Zc:forScope /Fo"Debug\\" /Fd"Debug\vc100.pdb" /Gd /TP /analyze- /errorReport:prompt main.cpp
         main.cpp
     1>l:\compsci\csce315\app\app\database.h(23): warning C4251: 'Database::allTables' : class 'std::vector<_Ty>' needs to have dll-interface to be used by clients of class 'Database'
                 with
                 [
                     _Ty=Table
                 ]
     1>l:\compsci\csce315\app\app\main.cpp(85): warning C4018: '<' : signed/unsigned mismatch
     1>l:\compsci\csce315\app\app\main.cpp(94): warning C4018: '<' : signed/unsigned mismatch
     1>l:\compsci\csce315\app\app\main.cpp(96): warning C4018: '>' : signed/unsigned mismatch
     1>l:\compsci\csce315\app\app\main.cpp(117): warning C4018: '<' : signed/unsigned mismatch
     1>l:\compsci\csce315\app\app\main.cpp(121): warning C4018: '<' : signed/unsigned mismatch
     1>l:\compsci\csce315\app\app\main.cpp(125): warning C4018: '<' : signed/unsigned mismatch
     1>l:\compsci\csce315\app\app\main.cpp(135): warning C4018: '<' : signed/unsigned mismatch
     1>l:\compsci\csce315\app\app\main.cpp(139): warning C4018: '<' : signed/unsigned mismatch
     1>l:\compsci\csce315\app\app\main.cpp(143): warning C4018: '<' : signed/unsigned mismatch
     1>l:\compsci\csce315\app\app\main.cpp(153): warning C4018: '<' : signed/unsigned mismatch
     1>l:\compsci\csce315\app\app\main.cpp(157): warning C4018: '<' : signed/unsigned mismatch
     1>l:\compsci\csce315\app\app\main.cpp(161): warning C4018: '<' : signed/unsigned mismatch
     1>l:\compsci\csce315\app\app\main.cpp(171): warning C4018: '<' : signed/unsigned mismatch
     1>l:\compsci\csce315\app\app\main.cpp(175): warning C4018: '<' : signed/unsigned mismatch
     1>l:\compsci\csce315\app\app\main.cpp(179): warning C4018: '<' : signed/unsigned mismatch
     1>l:\compsci\csce315\app\app\main.cpp(189): warning C4018: '<' : signed/unsigned mismatch
     1>l:\compsci\csce315\app\app\main.cpp(193): warning C4018: '<' : signed/unsigned mismatch
     1>l:\compsci\csce315\app\app\main.cpp(221): warning C4018: '<' : signed/unsigned mismatch
     1>l:\compsci\csce315\app\app\main.cpp(226): warning C4018: '<' : signed/unsigned mismatch
     1>l:\compsci\csce315\app\app\main.cpp(242): warning C4018: '<' : signed/unsigned mismatch
     1>l:\compsci\csce315\app\app\main.cpp(246): warning C4018: '<' : signed/unsigned mismatch
     1>l:\compsci\csce315\app\app\main.cpp(307): warning C4018: '<' : signed/unsigned mismatch
       ManifestResourceCompile:
         All outputs are up-to-date.
       Link:
         c:\Program Files (x86)\Microsoft Visual Studio 10.0\VC\bin\link.exe /ERRORREPORT:PROMPT /OUT:"L:\CompSci\CSCE315\app\Debug\app.exe" /INCREMENTAL /NOLOGO DatabaseTest.lib kernel32.lib user32.lib gdi32.lib winspool.lib comdlg32.lib advapi32.lib shell32.lib ole32.lib oleaut32.lib uuid.lib odbc32.lib odbccp32.lib kernel32.lib user32.lib gdi32.lib winspool.lib comdlg32.lib advapi32.lib shell32.lib ole32.lib oleaut32.lib uuid.lib odbc32.lib odbccp32.lib /MANIFEST /ManifestFile:"Debug\app.exe.intermediate.manifest" /MANIFESTUAC:"level='asInvoker' uiAccess='false'" /DEBUG /PDB:"L:\CompSci\CSCE315\app\Debug\app.pdb" /SUBSYSTEM:CONSOLE /TLBID:1 /DYNAMICBASE /NXCOMPAT /IMPLIB:"L:\CompSci\CSCE315\app\Debug\app.lib" /MACHINE:X86 Debug\app.exe.embed.manifest.res
         Debug\main.obj
       Manifest:
         C:\Program Files (x86)\Microsoft SDKs\Windows\v7.0A\bin\mt.exe /nologo /verbose /out:"Debug\app.exe.embed.manifest" /manifest Debug\app.exe.intermediate.manifest
         All outputs are up-to-date.
       LinkEmbedManifest:
         All outputs are up-to-date.
         app.vcxproj -> L:\CompSci\CSCE315\app\Debug\app.exe
       FinalizeBuildStatus:
         Deleting file "Debug\app.unsuccessfulbuild".
         Touching "Debug\app.lastbuildstate".
     1>Done Building Project "L:\CompSci\CSCE315\app\app\app.vcxproj" (build target(s)).

Build succeeded.

Time Elapsed 00:00:10.67
